  tinyxml2.cpp
  AudioSystem.cpp
  Clock.cpp
  DevConsole.cpp
  EngineCommon.cpp
  ErrorWarningAssert.cpp
  EventSystem.cpp
  FileUtils.cpp
  HeatMaps.cpp
  Image.cpp
  NamedStrings.cpp
  RaycastUtils.cpp
  Rgba8.cpp
  StringUtils.cpp
  Time.cpp
  Timer.cpp
  VertexUtils.cpp
  Vertex_PCU.cpp
  XmlUtils.cpp
  AnalogJoystick.cpp
  Compiling...
  InputSystem.cpp
  KeyButtonState.cpp
  XboxController.cpp
  AABB2.cpp
  AABB3.cpp
  Capsule2.cpp
  EulerAngles.cpp
  FloatRange.cpp
  IntRange.cpp
  IntVec2.cpp
  LineSegment2.cpp
  Mat44.cpp
  MathUtils.cpp
  OBB2.cpp
  OBB3.cpp
  Plane3.cpp
  RandomNumberGenerator.cpp
  Spline.cpp
  Vec2.cpp
  Vec3.cpp
  Compiling...
  Vec4.cpp
  BitmapFont.cpp
  Camera.cpp
  ConstantBuffer.cpp
  DebugRender.cpp
  IndexBuffer.cpp
  Renderer.cpp
  Shader.cpp
  SpriteAnimDefinition.cpp
  SpriteDefinition.cpp
  SpriteSheet.cpp
  Texture.cpp
  VertexBuffer.cpp
  Window.cpp
  Engine.vcxproj -> D:\p4\Personal\SD\Starship\Temporary\Engine_x64_Release\Engine.lib
