  AudioSystem.cpp
  Clock.cpp
  DevConsole.cpp
  EngineCommon.cpp
  EventSystem.cpp
  HeatMaps.cpp
  NamedStrings.cpp
  RaycastUtils.cpp
  Rgba8.cpp
  Time.cpp
  Timer.cpp
  VertexUtils.cpp
  Vertex_PCU.cpp
  AnalogJoystick.cpp
  InputSystem.cpp
  XboxController.cpp
  AABB2.cpp
  AABB3.cpp
  Capsule2.cpp
  EulerAngles.cpp
  Compiling...
  IntVec2.cpp
  LineSegment2.cpp
  Mat44.cpp
  MathUtils.cpp
  OBB2.cpp
  Vec2.cpp
  Vec3.cpp
  Vec4.cpp
  BitmapFont.cpp
  Camera.cpp
  ConstantBuffer.cpp
  Renderer.cpp
  Shader.cpp
  SpriteAnimDefinition.cpp
  SpriteDefinition.cpp
  SpriteSheet.cpp
  VertexBuffer.cpp
  Window.cpp
  Engine.vcxproj -> D:\p4\Personal\SD\Starship\Temporary\Engine_x86_Release\Engine.lib
