  App.cpp
  Asteroid.cpp
  Beetle.cpp
  Boss.cpp
  Bullet.cpp
  Covid.cpp
  CovidBullet.cpp
  Debris.cpp
  Entity.cpp
  Game.cpp
  GameCommon.cpp
  Main_Windows.cpp
  PlayerShip.cpp
  SimpleTriangleFont.cpp
  Wasp.cpp
  Generating code
  446 of 2078 functions (21.5%) were compiled, the rest were copied from previous compilation.
    50 functions were new in current compilation
    94 functions had inline decision re-evaluated but remain unchanged
  Finished generating code
  Game.vcxproj -> D:\p4\Personal\SD\Starship\Temporary\Starship_x86_Release\Starship_Release_x86.exe
  Copying Starship_Release_x86.exe to D:\p4\Personal\SD\Starship\Run...
  D:\p4\Personal\SD\Starship\Temporary\Starship_x86_Release\Starship_Release_x86.exe -> D:\p4\Personal\SD\Starship\Run\Starship_Release_x86.exe
  1 File(s) copied
