d:\p4\personal\sd\starship\temporary\starship_x64_debug\vc142.pdb
d:\p4\personal\sd\starship\temporary\starship_x64_debug\vc142.idb
d:\p4\personal\sd\starship\temporary\starship_x64_debug\main_windows.obj
d:\p4\personal\sd\starship\temporary\starship_x64_debug\app.obj
d:\p4\personal\sd\starship\temporary\starship_x64_debug\game.obj
d:\p4\personal\sd\starship\temporary\starship_x64_debug\playership.obj
d:\p4\personal\sd\starship\temporary\starship_x64_debug\wasp.obj
d:\p4\personal\sd\starship\temporary\starship_x64_debug\gamecommon.obj
d:\p4\personal\sd\starship\temporary\starship_x64_debug\simpletrianglefont.obj
d:\p4\personal\sd\starship\temporary\starship_x64_debug\covidbullet.obj
d:\p4\personal\sd\starship\temporary\starship_x64_debug\entity.obj
d:\p4\personal\sd\starship\temporary\starship_x64_debug\debris.obj
d:\p4\personal\sd\starship\temporary\starship_x64_debug\covid.obj
d:\p4\personal\sd\starship\temporary\starship_x64_debug\bullet.obj
d:\p4\personal\sd\starship\temporary\starship_x64_debug\boss.obj
d:\p4\personal\sd\starship\temporary\starship_x64_debug\beetle.obj
d:\p4\personal\sd\starship\temporary\starship_x64_debug\asteroid.obj
d:\p4\personal\sd\starship\temporary\starship_x64_debug\starship_debug_x64.exe
d:\p4\personal\sd\starship\temporary\starship_x64_debug\starship_debug_x64.ilk
d:\p4\personal\sd\starship\temporary\starship_x64_debug\starship_debug_x64.pdb
d:\p4\personal\sd\starship\temporary\starship_x64_debug\app.obj.enc
d:\p4\personal\sd\starship\temporary\starship_x64_debug\starship.tlog\cl.command.1.tlog
d:\p4\personal\sd\starship\temporary\starship_x64_debug\starship.tlog\cl.read.1.tlog
d:\p4\personal\sd\starship\temporary\starship_x64_debug\starship.tlog\cl.write.1.tlog
d:\p4\personal\sd\starship\temporary\starship_x64_debug\starship.tlog\link.command.1.tlog
d:\p4\personal\sd\starship\temporary\starship_x64_debug\starship.tlog\link.read.1.tlog
d:\p4\personal\sd\starship\temporary\starship_x64_debug\starship.tlog\link.write.1.tlog
